#
# There is insufficient memory for the Java Runtime Environment to continue.
# Native memory allocation (mmap) failed to map 260046848 bytes for Failed to commit area from 0x0000000708c00000 to 0x0000000718400000 of length 260046848.
# Possible reasons:
#   The system is out of physical RAM or swap space
#   The process is running with CompressedOops enabled, and the Java Heap may be blocking the growth of the native heap
# Possible solutions:
#   Reduce memory load on the system
#   Increase physical memory or swap space
#   Check if swap backing store is full
#   Decrease Java heap size (-Xmx/-Xms)
#   Decrease number of Java threads
#   Decrease Java thread stack sizes (-Xss)
#   Set larger code cache with -XX:ReservedCodeCacheSize=
# This output file may be truncated or incomplete.
#
#  Out of Memory Error (./src/hotspot/os/windows/os_windows.cpp:3303), pid=15400, tid=17000
#
# JRE version:  (11.0.7+10) (build )
# Java VM: OpenJDK 64-Bit Server VM (11.0.7+10-b765.65, mixed mode, sharing, tiered, compressed oops, g1 gc, windows-amd64)
# No core dump will be written. Minidumps are not enabled by default on client versions of Windows
#

---------------  S U M M A R Y ------------

Command Line: org.jetbrains.git4idea.http.GitAskPassApp Username for 'https://gitee.com': 

Host: Intel(R) Pentium(R) Gold G5400 CPU @ 3.70GHz, 4 cores, 15G,  Windows 10 , 64 bit Build 19041 (10.0.19041.1503)
Time: Wed Feb 23 16:47:35 2022 中国标准时间 elapsed time: 0 seconds (0d 0h 0m 0s)

---------------  T H R E A D  ---------------

Current thread (0x0000023914b96000):  JavaThread "Unknown thread" [_thread_in_vm, id=17000, stack(0x0000008256d00000,0x0000008256e00000)]

Stack: [0x0000008256d00000,0x0000008256e00000]
Native frames: (J=compiled Java code, j=interpreted, Vv=VM code, C=native code)
V  [jvm.dll+0x5ddcca]
V  [jvm.dll+0x7115d5]
V  [jvm.dll+0x712b2d]
V  [jvm.dll+0x7131e3]
V  [jvm.dll+0x23e3a8]
V  [jvm.dll+0x5db184]
V  [jvm.dll+0x5d0305]
V  [jvm.dll+0x2fb2ab]
V  [jvm.dll+0x2fb21a]
V  [jvm.dll+0x2fb0f2]
V  [jvm.dll+0x2fffd6]
V  [jvm.dll+0x3485d3]
V  [jvm.dll+0x348cd6]
V  [jvm.dll+0x3486d3]
V  [jvm.dll+0x2d5b38]
V  [jvm.dll+0x2d6cd7]
V  [jvm.dll+0x6f05d7]
V  [jvm.dll+0x6f1dcc]
V  [jvm.dll+0x355b89]
V  [jvm.dll+0x6d43ae]
V  [jvm.dll+0x3bdc13]
V  [jvm.dll+0x3bfe61]
C  [jli.dll+0x5363]
C  [ucrtbase.dll+0x21bb2]
C  [KERNEL32.DLL+0x17034]
C  [ntdll.dll+0x52651]


---------------  P R O C E S S  ---------------

Threads class SMR info:
_java_thread_list=0x0000023912af8420, length=0, elements={
}

Java Threads: ( => current thread )

Other Threads:
  0x0000023914bb0000 GCTaskThread "GC Thread#0" [stack: 0x0000008256e00000,0x0000008256f00000] [id=11052]
  0x0000023914c09000 ConcurrentGCThread "G1 Main Marker" [stack: 0x0000008256f00000,0x0000008257000000] [id=13408]
  0x0000023914c0b800 ConcurrentGCThread "G1 Conc#0" [stack: 0x0000008257000000,0x0000008257100000] [id=10120]

[error occurred during error reporting (printing all threads), id 0xc0000005, EXCEPTION_ACCESS_VIOLATION (0xc0000005) at pc=0x00007ffffc0861a7]

VM state:not at safepoint (not fully initialized)

VM Mutex/Monitor currently owned by a thread:  ([mutex/lock_event])
[0x0000023914b922a0] Heap_lock - owner thread: 0x0000023914b96000

Heap address: 0x0000000708c00000, size: 3956 MB, Compressed Oops mode: Non-zero based: 0x0000000708c00000
Narrow klass base: 0x0000000000000000, Narrow klass shift: 0

GC Heap History (0 events):
No events

Deoptimization events (0 events):
No events

Classes redefined (0 events):
No events

Internal exceptions (0 events):
No events

Events (2 events):
Event: 0.005 Loaded shared library D:\changyongruanjian\IntelliJ IDEA 2020.1.4\jbr\bin\zip.dll
Event: 0.005 Loaded shared library D:\changyongruanjian\IntelliJ IDEA 2020.1.4\jbr\bin\jimage.dll


Dynamic libraries:
0x00007ff63bef0000 - 0x00007ff63befa000 	D:\changyongruanjian\IntelliJ IDEA 2020.1.4\jbr\bin\java.exe
0x00007ff8212b0000 - 0x00007ff8214a5000 	C:\Windows\SYSTEM32\ntdll.dll
0x00007ff81f5d0000 - 0x00007ff81f68e000 	C:\Windows\System32\KERNEL32.DLL
0x00007ff81ef20000 - 0x00007ff81f1e8000 	C:\Windows\System32\KERNELBASE.dll
0x00007ff81c320000 - 0x00007ff81c3b0000 	C:\Windows\SYSTEM32\apphelp.dll
0x00007ff81edf0000 - 0x00007ff81eef0000 	C:\Windows\System32\ucrtbase.dll
0x00007ff815090000 - 0x00007ff8150a9000 	D:\changyongruanjian\IntelliJ IDEA 2020.1.4\jbr\bin\jli.dll
0x00007ff818df0000 - 0x00007ff818e07000 	D:\changyongruanjian\IntelliJ IDEA 2020.1.4\jbr\bin\VCRUNTIME140.dll
0x00007ff81f690000 - 0x00007ff81f830000 	C:\Windows\System32\USER32.dll
0x00007ff81ead0000 - 0x00007ff81eaf2000 	C:\Windows\System32\win32u.dll
0x00007ff804670000 - 0x00007ff80490a000 	C:\Windows\WinSxS\amd64_microsoft.windows.common-controls_6595b64144ccf1df_6.0.19041.1110_none_60b5254171f9507e\COMCTL32.dll
0x00007ff820a00000 - 0x00007ff820a2b000 	C:\Windows\System32\GDI32.dll
0x00007ff81f4b0000 - 0x00007ff81f54e000 	C:\Windows\System32\msvcrt.dll
0x00007ff81f1f0000 - 0x00007ff81f2fd000 	C:\Windows\System32\gdi32full.dll
0x00007ff81e9c0000 - 0x00007ff81ea5d000 	C:\Windows\System32\msvcp_win.dll
0x00007ff8208e0000 - 0x00007ff820910000 	C:\Windows\System32\IMM32.DLL
0x00007ff807770000 - 0x00007ff80780d000 	D:\changyongruanjian\IntelliJ IDEA 2020.1.4\jbr\bin\msvcp140.dll
0x00007ffffbda0000 - 0x00007ffffc85b000 	D:\changyongruanjian\IntelliJ IDEA 2020.1.4\jbr\bin\server\jvm.dll
0x00007ff820830000 - 0x00007ff8208de000 	C:\Windows\System32\ADVAPI32.dll
0x00007ff820790000 - 0x00007ff82082c000 	C:\Windows\System32\sechost.dll
0x00007ff81f8e0000 - 0x00007ff81fa05000 	C:\Windows\System32\RPCRT4.dll
0x00007ff820b70000 - 0x00007ff820b78000 	C:\Windows\System32\PSAPI.DLL
0x00007ff818de0000 - 0x00007ff818de9000 	C:\Windows\SYSTEM32\WSOCK32.dll
0x00007ff803850000 - 0x00007ff803877000 	C:\Windows\SYSTEM32\WINMM.dll
0x00007ff81a2a0000 - 0x00007ff81a2aa000 	C:\Windows\SYSTEM32\VERSION.dll
0x00007ff820b80000 - 0x00007ff820beb000 	C:\Windows\System32\WS2_32.dll
0x00007ff81c7f0000 - 0x00007ff81c802000 	C:\Windows\SYSTEM32\kernel.appcore.dll
0x00007ff8171b0000 - 0x00007ff8171c1000 	D:\changyongruanjian\IntelliJ IDEA 2020.1.4\jbr\bin\verify.dll
0x00007ff818810000 - 0x00007ff8189f4000 	C:\Windows\SYSTEM32\DBGHELP.DLL
0x00007ff818d70000 - 0x00007ff818d9c000 	C:\Windows\SYSTEM32\dbgcore.DLL
0x00007ff81ed60000 - 0x00007ff81ede2000 	C:\Windows\System32\bcryptPrimitives.dll
0x00007ff812000000 - 0x00007ff812029000 	D:\changyongruanjian\IntelliJ IDEA 2020.1.4\jbr\bin\java.dll
0x00007ff812100000 - 0x00007ff812118000 	D:\changyongruanjian\IntelliJ IDEA 2020.1.4\jbr\bin\zip.dll
0x00007ff8171f0000 - 0x00007ff8171fb000 	D:\changyongruanjian\IntelliJ IDEA 2020.1.4\jbr\bin\jimage.dll

dbghelp: loaded successfully - version: 4.0.5 - missing functions: none
symbol engine: initialized successfully - sym options: 0x614 - pdb path: .;D:\changyongruanjian\IntelliJ IDEA 2020.1.4\jbr\bin;C:\Windows\SYSTEM32;C:\Windows\WinSxS\amd64_microsoft.windows.common-controls_6595b64144ccf1df_6.0.19041.1110_none_60b5254171f9507e;D:\changyongruanjian\IntelliJ IDEA 2020.1.4\jbr\bin\server

VM Arguments:
java_command: org.jetbrains.git4idea.http.GitAskPassApp Username for 'https://gitee.com': 
java_class_path (initial): D:/changyongruanjian/IntelliJ IDEA 2020.1.4/plugins/git4idea/lib/git4idea-rt.jar;D:/changyongruanjian/IntelliJ IDEA 2020.1.4/lib/xmlrpc-2.0.1.jar;D:/changyongruanjian/IntelliJ IDEA 2020.1.4/lib/commons-codec-1.14.jar;D:/changyongruanjian/IntelliJ IDEA 2020.1.4/lib/util.jar
Launcher Type: SUN_STANDARD

[Global flags]
     intx CICompilerCount                          = 3                                         {product} {ergonomic}
     uint ConcGCThreads                            = 1                                         {product} {ergonomic}
     uint G1ConcRefinementThreads                  = 4                                         {product} {ergonomic}
   size_t G1HeapRegionSize                         = 1048576                                   {product} {ergonomic}
    uintx GCDrainStackTargetSize                   = 64                                        {product} {ergonomic}
   size_t InitialHeapSize                          = 260046848                                 {product} {ergonomic}
   size_t MarkStackSize                            = 4194304                                   {product} {ergonomic}
   size_t MaxHeapSize                              = 4148166656                                {product} {ergonomic}
   size_t MinHeapDeltaBytes                        = 1048576                                   {product} {ergonomic}
    uintx NonNMethodCodeHeapSize                   = 5830732                                {pd product} {ergonomic}
    uintx NonProfiledCodeHeapSize                  = 122913754                              {pd product} {ergonomic}
    uintx ProfiledCodeHeapSize                     = 122913754                              {pd product} {ergonomic}
    uintx ReservedCodeCacheSize                    = 251658240                              {pd product} {ergonomic}
     bool SegmentedCodeCache                       = true                                      {product} {ergonomic}
     bool UseCompressedClassPointers               = true                                 {lp64_product} {ergonomic}
     bool UseCompressedOops                        = true                                 {lp64_product} {ergonomic}
     bool UseG1GC                                  = true                                      {product} {ergonomic}
     bool UseLargePagesIndividualAllocation        = false                                  {pd product} {ergonomic}

Logging:
Log output configuration:
 #0: stdout all=warning uptime,level,tags
 #1: stderr all=off uptime,level,tags

Environment Variables:
JAVA_HOME=D:\jdk
CLASSPATH=.;D:\jdk\lib;D:\jdk\lib\tools.jar
PATH=C:/Program Files/Git/mingw64/libexec/git-core;C:/Program Files/Git/mingw64/libexec/git-core;C:\Program Files\Git\mingw64\bin;C:\Program Files\Git\usr\bin;C:\Users\GXLIHUO01\bin;";D:\jdk\bin;D:\jdk\jre\bin;";C:\Program Files (x86)\Common Files\Oracle\Java\javapath;C:\Windows\system32;C:\Windows;C:\Windows\System32\Wbem;C:\Windows\System32\WindowsPowerShell\v1.0\;C:\Windows\System32\OpenSSH\;C:\Program Files\Git\cmd;C:\Users\GXLIHUO01\AppData\Roaming\npm;D:\;D:\apache-maven-3.6.1\bin;D:\node_global;D:\BaiduNetdiskDownload\Microsoft VS Code\bin
USERNAME=GXLIHUO01
DISPLAY=:0.0
OS=Windows_NT
PROCESSOR_IDENTIFIER=Intel64 Family 6 Model 158 Stepping 10, GenuineIntel



---------------  S Y S T E M  ---------------

OS: Windows 10 , 64 bit Build 19041 (10.0.19041.1503)
OS uptime: 13 days 21:19 hours

CPU:total 4 (initial active 4) (2 cores per cpu, 2 threads per core) family 6 model 158 stepping 10, cmov, cx8, fxsr, mmx, sse, sse2, sse3, ssse3, sse4.1, sse4.2, popcnt, aes, clmul, erms, 3dnowpref, lzcnt, ht, tsc, tscinvbit

Memory: 4k page, system-wide physical 15821M (4898M free)
TotalPageFile size 30060M (AvailPageFile size 244M)
current process WorkingSet (physical memory assigned to process): 11M, peak: 11M
current process commit charge ("private bytes"): 52M, peak: 300M

vm_info: OpenJDK 64-Bit Server VM (11.0.7+10-b765.65) for windows-amd64 JRE (11.0.7+10-b765.65), built on Jul 13 2020 15:36:30 by "" with MS VC++ 14.0 (VS2015)

END.
