elAdmin- 2023-01-09 14:13:52 [main] INFO  me.zhengjie.AppRun - Starting AppRun on luobindeMacBook-Air-2.local with PID 42288 (/Users/luobin/Documents/workspace/idea/eladmin/eladmin-system/target/classes started by luobin in /Users/luobin/Documents/workspace/idea/eladmin)
elAdmin- 2023-01-09 14:13:52 [main] INFO  me.zhengjie.AppRun - The following profiles are active: local
elAdmin- 2023-01-09 14:14:12 [main] INFO  o.s.d.r.c.RepositoryConfigurationDelegate - Multiple Spring Data modules found, entering strict repository configuration mode!
elAdmin- 2023-01-09 14:14:12 [main] INFO  o.s.d.r.c.RepositoryConfigurationDelegate - Bootstrapping Spring Data repositories in DEFAULT mode.
elAdmin- 2023-01-09 14:14:24 [main] INFO  o.s.d.r.c.RepositoryConfigurationDelegate - Finished Spring Data repository scanning in 11835ms. Found 162 repository interfaces.
elAdmin- 2023-01-09 14:14:28 [main] INFO  o.s.c.s.PostProcessorRegistrationDelegate$BeanPostProcessorChecker - Bean 'asyncTaskProperties' of type [me.zhengjie.config.thread.AsyncTaskProperties] is not eligible for getting processed by all BeanPostProcessors (for example: not eligible for auto-proxying)
elAdmin- 2023-01-09 14:14:28 [main] INFO  o.s.c.s.PostProcessorRegistrationDelegate$BeanPostProcessorChecker - Bean 'asyncTaskExecutePool' of type [me.zhengjie.config.thread.AsyncTaskExecutePool$$EnhancerBySpringCGLIB$$e6633f2e] is not eligible for getting processed by all BeanPostProcessors (for example: not eligible for auto-proxying)
elAdmin- 2023-01-09 14:14:29 [main] INFO  o.s.c.s.PostProcessorRegistrationDelegate$BeanPostProcessorChecker - Bean 'org.springframework.transaction.annotation.ProxyTransactionManagementConfiguration' of type [org.springframework.transaction.annotation.ProxyTransactionManagementConfiguration$$EnhancerBySpringCGLIB$$f427cfdf] is not eligible for getting processed by all BeanPostProcessors (for example: not eligible for auto-proxying)
elAdmin- 2023-01-09 14:14:30 [main] INFO  o.s.c.s.PostProcessorRegistrationDelegate$BeanPostProcessorChecker - Bean 'redisConfig' of type [me.zhengjie.config.RedisConfig$$EnhancerBySpringCGLIB$$d5015f7] is not eligible for getting processed by all BeanPostProcessors (for example: not eligible for auto-proxying)
elAdmin- 2023-01-09 14:14:30 [main] INFO  o.s.c.s.PostProcessorRegistrationDelegate$BeanPostProcessorChecker - Bean 'org.springframework.security.config.annotation.configuration.ObjectPostProcessorConfiguration' of type [org.springframework.security.config.annotation.configuration.ObjectPostProcessorConfiguration$$EnhancerBySpringCGLIB$$8cd59819] is not eligible for getting processed by all BeanPostProcessors (for example: not eligible for auto-proxying)
elAdmin- 2023-01-09 14:14:31 [main] INFO  o.s.c.s.PostProcessorRegistrationDelegate$BeanPostProcessorChecker - Bean 'objectPostProcessor' of type [org.springframework.security.config.annotation.configuration.AutowireBeanFactoryObjectPostProcessor] is not eligible for getting processed by all BeanPostProcessors (for example: not eligible for auto-proxying)
elAdmin- 2023-01-09 14:14:31 [main] INFO  o.s.c.s.PostProcessorRegistrationDelegate$BeanPostProcessorChecker - Bean 'org.springframework.security.access.expression.method.DefaultMethodSecurityExpressionHandler@5db04bd2' of type [org.springframework.security.access.expression.method.DefaultMethodSecurityExpressionHandler] is not eligible for getting processed by all BeanPostProcessors (for example: not eligible for auto-proxying)
elAdmin- 2023-01-09 14:14:31 [main] INFO  o.s.c.s.PostProcessorRegistrationDelegate$BeanPostProcessorChecker - Bean 'org.springframework.security.config.annotation.method.configuration.GlobalMethodSecurityConfiguration' of type [org.springframework.security.config.annotation.method.configuration.GlobalMethodSecurityConfiguration$$EnhancerBySpringCGLIB$$b1aa3acb] is not eligible for getting processed by all BeanPostProcessors (for example: not eligible for auto-proxying)
elAdmin- 2023-01-09 14:14:31 [main] INFO  o.s.c.s.PostProcessorRegistrationDelegate$BeanPostProcessorChecker - Bean 'methodSecurityMetadataSource' of type [org.springframework.security.access.method.DelegatingMethodSecurityMetadataSource] is not eligible for getting processed by all BeanPostProcessors (for example: not eligible for auto-proxying)
elAdmin- 2023-01-09 14:14:35 [main] INFO  o.s.b.w.e.tomcat.TomcatWebServer - Tomcat initialized with port(s): 8000 (http)
elAdmin- 2023-01-09 14:14:35 [main] INFO  o.a.coyote.http11.Http11NioProtocol - Initializing ProtocolHandler ["http-nio-8000"]
elAdmin- 2023-01-09 14:14:35 [main] INFO  o.a.catalina.core.StandardService - Starting service [Tomcat]
elAdmin- 2023-01-09 14:14:35 [main] INFO  o.a.catalina.core.StandardEngine - Starting Servlet Engine: Apache Tomcat/9.0.12
elAdmin- 2023-01-09 14:14:35 [main] INFO  o.a.c.core.AprLifecycleListener - The APR based Apache Tomcat Native library which allows optimal performance in production environments was not found on the java.library.path: [/Users/luobin/Library/Java/Extensions:/Library/Java/Extensions:/Network/Library/Java/Extensions:/System/Library/Java/Extensions:/usr/lib/java:.]
elAdmin- 2023-01-09 14:14:36 [main] INFO  o.a.c.c.C.[Tomcat].[localhost].[/] - Initializing Spring embedded WebApplicationContext
elAdmin- 2023-01-09 14:14:36 [main] INFO  o.s.web.context.ContextLoader - Root WebApplicationContext: initialization completed in 43730 ms
elAdmin- 2023-01-09 14:14:38 [main] INFO  o.s.b.w.s.FilterRegistrationBean - Mapping filter: 'characterEncodingFilter' to: [/*]
elAdmin- 2023-01-09 14:14:38 [main] INFO  o.s.b.w.s.DelegatingFilterProxyRegistrationBean - Mapping filter: 'springSecurityFilterChain' to: [/*]
elAdmin- 2023-01-09 14:14:38 [main] INFO  o.s.b.w.s.FilterRegistrationBean - Mapping filter: 'corsFilter' to: [/*]
elAdmin- 2023-01-09 14:14:38 [main] INFO  o.s.b.w.s.ServletRegistrationBean - Servlet dispatcherServlet mapped to [/]
elAdmin- 2023-01-09 14:14:41 [main] INFO  c.a.d.s.b.a.DruidDataSourceAutoConfigure - Init DruidDataSource
elAdmin- 2023-01-09 14:14:42 [main] WARN  o.s.b.w.s.c.AnnotationConfigServletWebServerApplicationContext - Exception encountered during context initialization - cancelling refresh attempt: org.springframework.beans.factory.UnsatisfiedDependencyException: Error creating bean with name 'org.springframework.boot.autoconfigure.orm.jpa.HibernateJpaConfiguration': Unsatisfied dependency expressed through constructor parameter 0; nested exception is org.springframework.beans.factory.BeanCreationException: Error creating bean with name 'dataSource' defined in class path resource [com/alibaba/druid/spring/boot/autoconfigure/DruidDataSourceAutoConfigure.class]: Invocation of init method failed; nested exception is org.springframework.boot.autoconfigure.jdbc.DataSourceProperties$DataSourceBeanCreationException: Failed to determine a suitable driver class
elAdmin- 2023-01-09 14:14:42 [main] INFO  o.a.catalina.core.StandardService - Stopping service [Tomcat]
elAdmin- 2023-01-09 14:14:43 [main] INFO  o.s.b.a.l.ConditionEvaluationReportLoggingListener - 

Error starting ApplicationContext. To display the conditions report re-run your application with 'debug' enabled.
elAdmin- 2023-01-09 14:14:43 [main] ERROR o.s.b.d.LoggingFailureAnalysisReporter - 

***************************
APPLICATION FAILED TO START
***************************

Description:

Failed to configure a DataSource: 'url' attribute is not specified and no embedded datasource could be configured.

Reason: Failed to determine a suitable driver class


Action:

Consider the following:
	If you want an embedded database (H2, HSQL or Derby), please put it on the classpath.
	If you have database settings to be loaded from a particular profile you may need to activate it (no profiles are currently active).

elAdmin- 2023-01-09 14:21:18 [main] INFO  me.zhengjie.AppRun - Starting AppRun on luobindeMacBook-Air-2.local with PID 42420 (/Users/luobin/Documents/workspace/idea/eladmin/eladmin-system/target/classes started by luobin in /Users/luobin/Documents/workspace/idea/eladmin)
elAdmin- 2023-01-09 14:21:18 [main] INFO  me.zhengjie.AppRun - The following profiles are active: local
elAdmin- 2023-01-09 14:21:25 [main] INFO  o.s.d.r.c.RepositoryConfigurationDelegate - Multiple Spring Data modules found, entering strict repository configuration mode!
elAdmin- 2023-01-09 14:21:25 [main] INFO  o.s.d.r.c.RepositoryConfigurationDelegate - Bootstrapping Spring Data repositories in DEFAULT mode.
elAdmin- 2023-01-09 14:21:28 [main] INFO  o.s.d.r.c.RepositoryConfigurationDelegate - Finished Spring Data repository scanning in 3105ms. Found 162 repository interfaces.
elAdmin- 2023-01-09 14:21:29 [main] INFO  o.s.c.s.PostProcessorRegistrationDelegate$BeanPostProcessorChecker - Bean 'asyncTaskProperties' of type [me.zhengjie.config.thread.AsyncTaskProperties] is not eligible for getting processed by all BeanPostProcessors (for example: not eligible for auto-proxying)
elAdmin- 2023-01-09 14:21:29 [main] INFO  o.s.c.s.PostProcessorRegistrationDelegate$BeanPostProcessorChecker - Bean 'asyncTaskExecutePool' of type [me.zhengjie.config.thread.AsyncTaskExecutePool$$EnhancerBySpringCGLIB$$ead2ed68] is not eligible for getting processed by all BeanPostProcessors (for example: not eligible for auto-proxying)
elAdmin- 2023-01-09 14:21:30 [main] INFO  o.s.c.s.PostProcessorRegistrationDelegate$BeanPostProcessorChecker - Bean 'org.springframework.transaction.annotation.ProxyTransactionManagementConfiguration' of type [org.springframework.transaction.annotation.ProxyTransactionManagementConfiguration$$EnhancerBySpringCGLIB$$f8977e19] is not eligible for getting processed by all BeanPostProcessors (for example: not eligible for auto-proxying)
elAdmin- 2023-01-09 14:21:30 [main] INFO  o.s.c.s.PostProcessorRegistrationDelegate$BeanPostProcessorChecker - Bean 'redisConfig' of type [me.zhengjie.config.RedisConfig$$EnhancerBySpringCGLIB$$11bfc431] is not eligible for getting processed by all BeanPostProcessors (for example: not eligible for auto-proxying)
elAdmin- 2023-01-09 14:21:30 [main] INFO  o.s.c.s.PostProcessorRegistrationDelegate$BeanPostProcessorChecker - Bean 'org.springframework.security.config.annotation.configuration.ObjectPostProcessorConfiguration' of type [org.springframework.security.config.annotation.configuration.ObjectPostProcessorConfiguration$$EnhancerBySpringCGLIB$$91454653] is not eligible for getting processed by all BeanPostProcessors (for example: not eligible for auto-proxying)
elAdmin- 2023-01-09 14:21:30 [main] INFO  o.s.c.s.PostProcessorRegistrationDelegate$BeanPostProcessorChecker - Bean 'objectPostProcessor' of type [org.springframework.security.config.annotation.configuration.AutowireBeanFactoryObjectPostProcessor] is not eligible for getting processed by all BeanPostProcessors (for example: not eligible for auto-proxying)
elAdmin- 2023-01-09 14:21:30 [main] INFO  o.s.c.s.PostProcessorRegistrationDelegate$BeanPostProcessorChecker - Bean 'org.springframework.security.access.expression.method.DefaultMethodSecurityExpressionHandler@504c415c' of type [org.springframework.security.access.expression.method.DefaultMethodSecurityExpressionHandler] is not eligible for getting processed by all BeanPostProcessors (for example: not eligible for auto-proxying)
elAdmin- 2023-01-09 14:21:30 [main] INFO  o.s.c.s.PostProcessorRegistrationDelegate$BeanPostProcessorChecker - Bean 'org.springframework.security.config.annotation.method.configuration.GlobalMethodSecurityConfiguration' of type [org.springframework.security.config.annotation.method.configuration.GlobalMethodSecurityConfiguration$$EnhancerBySpringCGLIB$$b619e905] is not eligible for getting processed by all BeanPostProcessors (for example: not eligible for auto-proxying)
elAdmin- 2023-01-09 14:21:30 [main] INFO  o.s.c.s.PostProcessorRegistrationDelegate$BeanPostProcessorChecker - Bean 'methodSecurityMetadataSource' of type [org.springframework.security.access.method.DelegatingMethodSecurityMetadataSource] is not eligible for getting processed by all BeanPostProcessors (for example: not eligible for auto-proxying)
elAdmin- 2023-01-09 14:21:32 [main] INFO  o.s.b.w.e.tomcat.TomcatWebServer - Tomcat initialized with port(s): 8000 (http)
elAdmin- 2023-01-09 14:21:32 [main] INFO  o.a.coyote.http11.Http11NioProtocol - Initializing ProtocolHandler ["http-nio-8000"]
elAdmin- 2023-01-09 14:21:32 [main] INFO  o.a.catalina.core.StandardService - Starting service [Tomcat]
elAdmin- 2023-01-09 14:21:32 [main] INFO  o.a.catalina.core.StandardEngine - Starting Servlet Engine: Apache Tomcat/9.0.12
elAdmin- 2023-01-09 14:21:32 [main] INFO  o.a.c.core.AprLifecycleListener - The APR based Apache Tomcat Native library which allows optimal performance in production environments was not found on the java.library.path: [/Users/luobin/Library/Java/Extensions:/Library/Java/Extensions:/Network/Library/Java/Extensions:/System/Library/Java/Extensions:/usr/lib/java:.]
elAdmin- 2023-01-09 14:21:32 [main] INFO  o.a.c.c.C.[Tomcat].[localhost].[/] - Initializing Spring embedded WebApplicationContext
elAdmin- 2023-01-09 14:21:32 [main] INFO  o.s.web.context.ContextLoader - Root WebApplicationContext: initialization completed in 13938 ms
elAdmin- 2023-01-09 14:21:33 [main] INFO  o.s.b.w.s.FilterRegistrationBean - Mapping filter: 'characterEncodingFilter' to: [/*]
elAdmin- 2023-01-09 14:21:33 [main] INFO  o.s.b.w.s.DelegatingFilterProxyRegistrationBean - Mapping filter: 'springSecurityFilterChain' to: [/*]
elAdmin- 2023-01-09 14:21:33 [main] INFO  o.s.b.w.s.FilterRegistrationBean - Mapping filter: 'corsFilter' to: [/*]
elAdmin- 2023-01-09 14:21:33 [main] INFO  o.s.b.w.s.ServletRegistrationBean - Servlet dispatcherServlet mapped to [/]
elAdmin- 2023-01-09 14:21:34 [main] INFO  c.a.d.s.b.a.DruidDataSourceAutoConfigure - Init DruidDataSource
elAdmin- 2023-01-09 14:21:34 [main] WARN  o.s.b.w.s.c.AnnotationConfigServletWebServerApplicationContext - Exception encountered during context initialization - cancelling refresh attempt: org.springframework.beans.factory.UnsatisfiedDependencyException: Error creating bean with name 'org.springframework.boot.autoconfigure.orm.jpa.HibernateJpaConfiguration': Unsatisfied dependency expressed through constructor parameter 0; nested exception is org.springframework.beans.factory.BeanCreationException: Error creating bean with name 'dataSource' defined in class path resource [com/alibaba/druid/spring/boot/autoconfigure/DruidDataSourceAutoConfigure.class]: Invocation of init method failed; nested exception is org.springframework.boot.autoconfigure.jdbc.DataSourceProperties$DataSourceBeanCreationException: Failed to determine a suitable driver class
elAdmin- 2023-01-09 14:21:34 [main] INFO  o.a.catalina.core.StandardService - Stopping service [Tomcat]
elAdmin- 2023-01-09 14:21:34 [main] INFO  o.s.b.a.l.ConditionEvaluationReportLoggingListener - 

Error starting ApplicationContext. To display the conditions report re-run your application with 'debug' enabled.
elAdmin- 2023-01-09 14:21:34 [main] ERROR o.s.b.d.LoggingFailureAnalysisReporter - 

***************************
APPLICATION FAILED TO START
***************************

Description:

Failed to configure a DataSource: 'url' attribute is not specified and no embedded datasource could be configured.

Reason: Failed to determine a suitable driver class


Action:

Consider the following:
	If you want an embedded database (H2, HSQL or Derby), please put it on the classpath.
	If you have database settings to be loaded from a particular profile you may need to activate it (no profiles are currently active).

